{"level":"info","message":"Connected to PostgreSQL database via MikroORM"}
{"level":"info","message":"Server started on port 8000"}
{"level":"info","message":"Connected to PostgreSQL database via MikroORM"}
{"level":"info","message":"Server started on port 8000"}
{"level":"info","message":"Healthy"}
{"level":"info","message":"Connected to PostgreSQL database via MikroORM"}
{"level":"info","message":"Server started on port 8000"}
{"level":"info","message":"Connected to PostgreSQL database via MikroORM"}
{"level":"info","message":"Server started on port 8000"}
{"level":"info","message":"Healthy"}
{"level":"info","message":"Gracefully shutting down..."}
{"level":"info","message":"HTTP server closed"}
{"level":"info","message":"Database connection closed"}
{"level":"info","message":"Connected to PostgreSQL database via MikroORM"}
{"level":"info","message":"Server started on port 8000"}
{"level":"info","message":"Healthy"}
{"level":"info","message":"Connected to PostgreSQL database via MikroORM"}
{"level":"info","message":"Server started on port 8000"}
{"level":"info","message":"Healthy"}
{"level":"info","message":"Connected to PostgreSQL database via MikroORM"}
{"level":"info","message":"Server started on port 8000"}
{"level":"info","message":"Healthy"}
{"level":"info","message":"Healthy"}
{"level":"info","message":"Connected to PostgreSQL database via MikroORM"}
{"level":"info","message":"Server started on port 8000"}
{"level":"info","message":"Connected to PostgreSQL database via MikroORM"}
{"level":"info","message":"Server started on port 8000"}
{"level":"info","message":"Connected to PostgreSQL database via MikroORM"}
{"level":"info","message":"Server started on port 8000"}
{"level":"info","message":"Healthy"}
{"level":"info","message":"Connected to PostgreSQL database via MikroORM"}
{"level":"info","message":"Server started on port 8000"}
{"level":"info","message":"Healthy"}
{"level":"info","message":"Connected to PostgreSQL database via MikroORM"}
{"level":"info","message":"Server started on port 8000"}
{"level":"info","message":"Healthy"}
{"level":"info","message":"Connected to PostgreSQL database via MikroORM"}
{"level":"info","message":"Server started on port 8000"}
{"level":"info","message":"Connected to PostgreSQL database via MikroORM"}
{"level":"info","message":"Server started on port 8000"}
{"level":"info","message":"Connected to PostgreSQL database via MikroORM"}
{"level":"info","message":"Server started on port 8000"}
{"level":"info","message":"Healthy"}
{"level":"info","message":"Connected to PostgreSQL database via MikroORM"}
{"level":"info","message":"Server started on port 8000"}
{"level":"info","message":"Connected to PostgreSQL database via MikroORM"}
{"level":"info","message":"Server started on port 8000"}
{"level":"info","message":"Connected to PostgreSQL database via MikroORM"}
{"level":"info","message":"Server started on port 8000"}
{"level":"info","message":"Connected to PostgreSQL database via MikroORM"}
{"level":"info","message":"Server started on port 8000"}
{"level":"info","message":"Connected to PostgreSQL database via MikroORM"}
{"level":"info","message":"Server started on port 8000"}
{"level":"info","message":"Connected to PostgreSQL database via MikroORM"}
{"level":"info","message":"Server started on port 8000"}
{"level":"info","message":"Connected to PostgreSQL database via MikroORM"}
{"level":"info","message":"Server started on port 8000"}
{"level":"info","message":"Healthy"}
{"level":"info","message":"Connected to PostgreSQL database via MikroORM"}
{"level":"info","message":"Server started on port 8000"}
{"level":"info","message":"Connected to PostgreSQL database via MikroORM"}
{"level":"info","message":"Server started on port 8000"}
{"level":"info","message":"Connected to PostgreSQL database via MikroORM"}
{"level":"info","message":"Server started on port 8000"}
{"level":"info","message":"Connected to PostgreSQL database via MikroORM"}
{"level":"info","message":"Server started on port 8000"}
{"level":"info","message":"Connected to PostgreSQL database via MikroORM"}
{"level":"info","message":"Server started on port 8000"}
{"level":"info","message":"Connected to PostgreSQL database via MikroORM"}
{"level":"info","message":"Server started on port 8000"}
{"level":"info","message":"Connected to PostgreSQL database via MikroORM"}
{"level":"info","message":"Server started on port 8000"}
{"level":"info","message":"Connected to PostgreSQL database via MikroORM"}
{"level":"info","message":"Server started on port 8000"}
{"level":"info","message":"Connected to PostgreSQL database via MikroORM"}
{"level":"info","message":"Server started on port 8000"}
{"level":"info","message":"Connected to PostgreSQL database via MikroORM"}
{"level":"info","message":"Server started on port 8000"}
{"level":"info","message":"Connected to PostgreSQL database via MikroORM"}
{"level":"info","message":"Server started on port 8000"}
{"level":"info","message":"Connected to PostgreSQL database via MikroORM"}
{"level":"info","message":"Server started on port 8000"}
{"level":"info","message":"Connected to PostgreSQL database via MikroORM"}
{"level":"info","message":"Server started on port 8000"}
{"level":"info","message":"Connected to PostgreSQL database via MikroORM"}
{"level":"info","message":"Server started on port 8000"}
{"level":"info","message":"Healthy"}
{"expiredAt":"2024-12-01T23:08:04.000Z","level":"error","message":"jwt expired","name":"TokenExpiredError"}
{"level":"info","message":"Gracefully shutting down..."}
{"level":"info","message":"HTTP server closed"}
{"level":"info","message":"Database connection closed"}
