[Wed, 11 Dec 2024 16:45:14] INFO DELETE /api/profile/carts - 10ms
[Wed, 11 Dec 2024 16:45:25] INFO GET /api/profile/scart - 3ms
[Wed, 11 Dec 2024 16:45:36] INFO GET /apsi/profile/cart - 1ms
[Wed, 11 Dec 2024 16:45:41] INFO GET /api/profile/cart - 2ms
[Wed, 11 Dec 2024 16:45:42] INFO GET /api/profile/cart - 2ms
[Wed, 11 Dec 2024 16:46:04] INFO GET /api/profile/cart - 3ms
[Wed, 11 Dec 2024 16:46:14] INFO GET /api/profile/cart - 2ms
[Wed, 11 Dec 2024 16:47:15] INFO POST /api/auth/login - 125ms
[Wed, 11 Dec 2024 16:47:19] INFO POST /api/auth/logout - 3ms
[Wed, 11 Dec 2024 16:47:47] INFO GET /api/profile/cart - 2ms
[Wed, 11 Dec 2024 16:47:48] INFO GET /api/profile/cart - 1ms
[Wed, 11 Dec 2024 16:47:54] INFO GET /api/profile/cart - 7ms
[Wed, 11 Dec 2024 16:55:12] INFO POST /api/auth/login - 105ms
[Wed, 11 Dec 2024 16:55:48] INFO POST /api/auth/login - 102ms
[Wed, 11 Dec 2024 16:58:17] INFO POST /api/auth/login - 105ms
[Wed, 11 Dec 2024 16:58:32] INFO GET /api/profile/cart - 2ms
[Wed, 11 Dec 2024 16:58:36] INFO GET /api/profile/cart - 7ms
[Wed, 11 Dec 2024 16:58:36] INFO GET /api/profile/cart - 3ms
[Wed, 11 Dec 2024 16:58:37] INFO GET /api/profile/cart - 2ms
[Wed, 11 Dec 2024 16:58:45] INFO GET /api/profile/cart - 1ms
[Wed, 11 Dec 2024 16:59:10] INFO POST /api/auth/login - 101ms
[Wed, 11 Dec 2024 16:59:27] INFO GET /api/profile/cart - 3ms
[Wed, 11 Dec 2024 17:00:04] INFO GET /api/profile/cart - 13ms
[Wed, 11 Dec 2024 17:01:03] INFO POST /api/auth/login - 114ms
[Wed, 11 Dec 2024 17:01:19] INFO GET /api/profile/cart - 5ms
[Wed, 11 Dec 2024 17:03:40] INFO POST /api/auth/login - 91ms
[Wed, 11 Dec 2024 17:03:42] INFO POST /api/auth/logout - 2ms
[Wed, 11 Dec 2024 17:03:55] INFO POST /api/auth/logout - 2ms
[Wed, 11 Dec 2024 17:03:56] INFO POST /api/auth/logout - 1ms
[Wed, 11 Dec 2024 17:03:58] INFO POST /api/auth/login - 110ms
[Wed, 11 Dec 2024 17:04:08] INFO GET /api/profile/cart - 53ms
[Wed, 11 Dec 2024 17:04:10] INFO GET /api/profile/cart - 22ms
[Wed, 11 Dec 2024 17:04:11] INFO GET /api/profile/cart - 11ms
[Wed, 11 Dec 2024 17:04:12] INFO GET /api/profile/cart - 9ms
[Wed, 11 Dec 2024 17:04:13] INFO GET /api/profile/cart - 10ms
[Wed, 11 Dec 2024 17:04:15] INFO GET /api/profile/cart - 10ms
[Wed, 11 Dec 2024 17:04:17] INFO GET /api/profile/cart - 9ms
[Wed, 11 Dec 2024 17:04:21] INFO GET /api/profile/cart - 4ms
[Wed, 11 Dec 2024 17:33:39] INFO POST /api/auth/login - 102ms
[Wed, 11 Dec 2024 17:34:00] INFO GET /api/profile/cart - 6ms
[Wed, 11 Dec 2024 17:34:18] INFO GET /api/profile/cart - 8ms
[Wed, 11 Dec 2024 17:34:23] INFO GET /api/profile/cart - 6ms
[Wed, 11 Dec 2024 17:34:27] INFO POST /api/auth/login - 97ms
[Wed, 11 Dec 2024 17:34:36] INFO GET /api/profile/cart - 25ms
[Wed, 11 Dec 2024 17:34:51] INFO GET /api/profile/cart - 5ms
[Wed, 11 Dec 2024 17:43:36] INFO POST /api/auth/login - 103ms
[Wed, 11 Dec 2024 17:43:45] INFO GET /api/profile/cart - 24ms
[Wed, 11 Dec 2024 17:44:02] INFO GET /api/profile/cart - 20ms
[Wed, 11 Dec 2024 17:44:05] INFO GET /api/profile/cart - 12ms
[Wed, 11 Dec 2024 17:44:30] INFO GET /api/profile/cart - 12ms
[Wed, 11 Dec 2024 17:45:10] INFO GET /api/profile/cart - 35ms
[Wed, 11 Dec 2024 17:45:12] INFO POST /api/auth/login - 92ms
[Wed, 11 Dec 2024 17:45:19] INFO POST /api/auth/login - 95ms
[Wed, 11 Dec 2024 17:45:32] INFO GET /api/profile/cart - 22ms
[Wed, 11 Dec 2024 17:45:42] INFO GET /api/profile/cart - 12ms
[Wed, 11 Dec 2024 17:45:45] INFO GET /api/profile/cart - 12ms
[Wed, 11 Dec 2024 17:46:01] INFO GET /api/profile/cart - 4ms
